Date Recorded:  Monday, 09, December, 2019 
Time Recorded:  12:10 
Mood Recorded:  -5 

Date Recorded:  Monday, 09, December, 2019 
Time Recorded:  12:10 
Mood Recorded:  5 

Date Recorded:  Monday, 09, December, 2019 
Time Recorded:  12:16 
Mood Recorded:  -5 

Date Recorded:  Monday, 09, December, 2019 
Time Recorded:  12:16 
Mood Recorded:  -5 

Date Recorded:  Monday, 09, December, 2019 
Time Recorded:  13:51 
Mood Recorded:  -5 

Date Recorded:  Monday, 09, December, 2019 
Time Recorded:  13:51 
Mood Recorded:  -5 

Date Recorded:  Monday, 09, December, 2019 
Time Recorded:  21:19 
Mood Recorded:  -5 

Date Recorded:  Monday, 09, December, 2019 
Time Recorded:  21:19 
Mood Recorded:  -5 

Date Recorded:  Monday, 09, December, 2019 
Time Recorded:  21:23 
Mood Recorded:  -5 

Date Recorded:  Monday, 09, December, 2019 
Time Recorded:  21:23 
Mood Recorded:  5 

Date Recorded:  Monday, 09, December, 2019 
Time Recorded:  21:32 
Mood Recorded:  -5 

Date Recorded:  Monday, 09, December, 2019 
Time Recorded:  22:05 
Mood Recorded:  -5 

Date Recorded:  Monday, 09, December, 2019 
Time Recorded:  22:44 
Mood Recorded:  -2 

Date Recorded:  Monday, 09, December, 2019 
Time Recorded:  22:45 
Mood Recorded:  -2 

Date Recorded:  Monday, 09, December, 2019 
Time Recorded:  22:45 
Mood Recorded:  -2 

Date Recorded:  Monday, 09, December, 2019 
Time Recorded:  22:46 
Mood Recorded:  -2 

Date Recorded:  Wednesday, 07, October, 2020 
Time Recorded:  00:59 
Mood Recorded:  3 

Date Recorded:  Wednesday, 07, October, 2020 
Time Recorded:  01:03 
Mood Recorded:  -3 

Date Recorded:  Wednesday, 07, October, 2020 
Time Recorded:  01:04 
Mood Recorded:  -2 

Date Recorded:  Wednesday, 07, October, 2020 
Time Recorded:  01:04 
Mood Recorded:  -4 

Date Recorded:  Wednesday, 07, October, 2020 
Time Recorded:  01:04 
Mood Recorded:  -3 

Date Recorded:  Sunday, 18, February, 2024 
Time Recorded:  21:44 
Mood Recorded:  5 

Date Recorded:  Sunday, 18, February, 2024
Time Recorded:  22:02
Mood Recorded:  3

Date Recorded:  Sunday, 18, February, 2024
Time Recorded:  22:05
Mood Recorded:  5

